Performing C SOURCE FILE Test CMAKE_HAVE_LIBC_PTHREAD failed with the following output:
Change Dir: /home/johnn193/slam/slam-libraries/ORB_SLAM_CUSTOM/build/CMakeFiles/CMakeTmp

Run Build Command(s):/usr/bin/gmake cmTC_2a65e/fast && /usr/bin/gmake  -f CMakeFiles/cmTC_2a65e.dir/build.make CMakeFiles/cmTC_2a65e.dir/build
gmake[1]: Entering directory '/home/johnn193/slam/slam-libraries/ORB_SLAM_CUSTOM/build/CMakeFiles/CMakeTmp'
Building C object CMakeFiles/cmTC_2a65e.dir/src.c.o
/usr/bin/cc   -Wall   -O3 -DCMAKE_HAVE_LIBC_PTHREAD -o CMakeFiles/cmTC_2a65e.dir/src.c.o -c /home/johnn193/slam/slam-libraries/ORB_SLAM_CUSTOM/build/CMakeFiles/CMakeTmp/src.c
Linking C executable cmTC_2a65e
/usr/bin/cmake -E cmake_link_script CMakeFiles/cmTC_2a65e.dir/link.txt --verbose=1
/usr/bin/cc   -Wall   -O3 -DCMAKE_HAVE_LIBC_PTHREAD -rdynamic CMakeFiles/cmTC_2a65e.dir/src.c.o -o cmTC_2a65e 
/usr/bin/ld: CMakeFiles/cmTC_2a65e.dir/src.c.o: in function `main':
src.c:(.text.startup+0x1c): undefined reference to `pthread_create'
/usr/bin/ld: src.c:(.text.startup+0x24): undefined reference to `pthread_detach'
/usr/bin/ld: src.c:(.text.startup+0x2c): undefined reference to `pthread_cancel'
/usr/bin/ld: src.c:(.text.startup+0x38): undefined reference to `pthread_join'
collect2: error: ld returned 1 exit status
gmake[1]: *** [CMakeFiles/cmTC_2a65e.dir/build.make:106: cmTC_2a65e] Error 1
gmake[1]: Leaving directory '/home/johnn193/slam/slam-libraries/ORB_SLAM_CUSTOM/build/CMakeFiles/CMakeTmp'
gmake: *** [Makefile:140: cmTC_2a65e/fast] Error 2


Source file was:
#include <pthread.h>

void* test_func(void* data)
{
  return data;
}

int main(void)
{
  pthread_t thread;
  pthread_create(&thread, NULL, test_func, NULL);
  pthread_detach(thread);
  pthread_cancel(thread);
  pthread_join(thread, NULL);
  pthread_atfork(NULL, NULL, NULL);
  pthread_exit(NULL);

  return 0;
}

Determining if the function pthread_create exists in the pthreads failed with the following output:
Change Dir: /home/johnn193/slam/slam-libraries/ORB_SLAM_CUSTOM/build/CMakeFiles/CMakeTmp

Run Build Command(s):/usr/bin/gmake cmTC_74583/fast && /usr/bin/gmake  -f CMakeFiles/cmTC_74583.dir/build.make CMakeFiles/cmTC_74583.dir/build
gmake[1]: Entering directory '/home/johnn193/slam/slam-libraries/ORB_SLAM_CUSTOM/build/CMakeFiles/CMakeTmp'
Building C object CMakeFiles/cmTC_74583.dir/CheckFunctionExists.c.o
/usr/bin/cc   -Wall   -O3 -DCHECK_FUNCTION_EXISTS=pthread_create -o CMakeFiles/cmTC_74583.dir/CheckFunctionExists.c.o -c /usr/share/cmake-3.18/Modules/CheckFunctionExists.c
Linking C executable cmTC_74583
/usr/bin/cmake -E cmake_link_script CMakeFiles/cmTC_74583.dir/link.txt --verbose=1
/usr/bin/cc   -Wall   -O3 -DCHECK_FUNCTION_EXISTS=pthread_create -rdynamic CMakeFiles/cmTC_74583.dir/CheckFunctionExists.c.o -o cmTC_74583  -lpthreads 
/usr/bin/ld: cannot find -lpthreads
collect2: error: ld returned 1 exit status
gmake[1]: *** [CMakeFiles/cmTC_74583.dir/build.make:106: cmTC_74583] Error 1
gmake[1]: Leaving directory '/home/johnn193/slam/slam-libraries/ORB_SLAM_CUSTOM/build/CMakeFiles/CMakeTmp'
gmake: *** [Makefile:140: cmTC_74583/fast] Error 2



